20:23:17.955 /community/home -> BEGIN routing (2 segment(s): community/home)
20:23:17.956 /community/home seg[0] 'community' equals param name 'community', deferring to PostAuth
20:23:17.959 /community/home -> param name 'community' used as URL, redirecting to /dashboard (user: dennis)
20:23:17.968 /dashboard -> BEGIN routing (1 segment(s): dashboard)
20:23:17.968 /dashboard -> all segments match real DNN pages, skipping
20:23:41.262 /community/home -> BEGIN routing (2 segment(s): community/home)
20:23:41.262 /community/home seg[0] 'community' equals param name 'community', deferring to PostAuth
20:23:41.265 /community/home -> param name 'community' used as URL, redirecting to /dashboard (user: dennis)
20:23:41.275 /dashboard -> BEGIN routing (1 segment(s): dashboard)
20:23:41.275 /dashboard -> all segments match real DNN pages, skipping
20:24:35.016 /dashboard -> BEGIN routing (1 segment(s): dashboard)
20:24:35.070 /dashboard -> all segments match real DNN pages, skipping
20:24:43.343 /hoeksche-waard/home -> BEGIN routing (2 segment(s): hoeksche-waard/home)
20:24:43.343 /hoeksche-waard/home seg[0] 'hoeksche-waard' -> dynamic '[community]'
20:24:43.343 /hoeksche-waard/home seg[1] 'home' -> literal page
20:24:43.347 /hoeksche-waard/home -> REWRITE /Default.aspx?TabId=40 (/[community]/home) values=[community=hoeksche-waard]
20:24:43.369 /hoeksche-waard/home -> RouteConfigFix: cancelling 301 redirect
20:25:02.595 /dashboard -> BEGIN routing (1 segment(s): dashboard)
20:25:02.595 /dashboard -> all segments match real DNN pages, skipping
20:25:03.321 /spijkenisse/home -> BEGIN routing (2 segment(s): spijkenisse/home)
20:25:03.322 /spijkenisse/home seg[0] 'spijkenisse' -> dynamic '[community]'
20:25:03.322 /spijkenisse/home seg[1] 'home' -> literal page
20:25:03.323 /spijkenisse/home -> REWRITE /Default.aspx?TabId=40 (/[community]/home) values=[community=spijkenisse]
20:25:03.323 /spijkenisse/home -> RouteConfigFix: cancelling 301 redirect
20:25:04.760 /dashboard -> BEGIN routing (1 segment(s): dashboard)
20:25:04.760 /dashboard -> all segments match real DNN pages, skipping
20:25:05.502 /hoeksche-waard/home -> BEGIN routing (2 segment(s): hoeksche-waard/home)
20:25:05.503 /hoeksche-waard/home seg[0] 'hoeksche-waard' -> dynamic '[community]'
20:25:05.504 /hoeksche-waard/home seg[1] 'home' -> literal page
20:25:05.505 /hoeksche-waard/home -> REWRITE /Default.aspx?TabId=40 (/[community]/home) values=[community=hoeksche-waard]
20:25:05.506 /hoeksche-waard/home -> RouteConfigFix: cancelling 301 redirect
20:25:06.738 /dashboard -> BEGIN routing (1 segment(s): dashboard)
20:25:06.738 /dashboard -> all segments match real DNN pages, skipping
20:39:34.321 /spijkenisse/home -> BEGIN routing (2 segment(s): spijkenisse/home)
20:39:34.395 /spijkenisse/home seg[0] 'spijkenisse' -> dynamic '[community]'
20:39:34.396 /spijkenisse/home seg[1] 'home' -> literal page
20:39:34.401 /spijkenisse/home -> REWRITE /Default.aspx?TabId=40 (/[community]/home) values=[community=spijkenisse]
20:39:47.671 /spijkenisse/timeline -> BEGIN routing (2 segment(s): spijkenisse/timeline)
20:39:47.671 /spijkenisse/timeline seg[0] 'spijkenisse' -> dynamic '[community]'
20:39:47.671 /spijkenisse/timeline seg[1] 'timeline' -> literal page
20:39:47.671 /spijkenisse/timeline -> REWRITE /Default.aspx?TabId=41 (/[community]/timeline) values=[community=spijkenisse]
20:40:50.447 /signin -> BEGIN routing (1 segment(s): signin)
20:40:50.448 /signin -> all segments match real DNN pages, skipping
20:41:01.255 /signin -> BEGIN routing (1 segment(s): signin)
20:41:01.256 /signin -> all segments match real DNN pages, skipping
20:41:01.484 /community -> BEGIN routing (1 segment(s): community)
20:41:01.485 /community seg[0] 'community' equals param name 'community', deferring to PostAuth
20:41:01.489 /community -> param name 'community' used as URL, redirecting to /home (user: host)
20:41:01.498 /home -> BEGIN routing (1 segment(s): home)
20:41:01.498 /home -> all segments match real DNN pages, skipping
20:41:02.197 /API/personaBar/localization/gettable -> BEGIN routing (4 segment(s): API/personaBar/localization/gettable)
20:41:02.199 /API/personaBar/localization/gettable seg[0] 'API' is not a valid community slug, not a route — letting DNN handle it
20:41:02.645 /API/personabar/serversummary/GetUpdateInfo -> BEGIN routing (4 segment(s): API/personabar/serversummary/GetUpdateInfo)
20:41:02.649 /API/personabar/serversummary/GetUpdateInfo seg[0] 'API' is not a valid community slug, not a route — letting DNN handle it
20:41:02.746 /API/personaBar/ServerSummary/GetServerInfo -> BEGIN routing (4 segment(s): API/personaBar/ServerSummary/GetServerInfo)
20:41:02.748 /API/personaBar/ServerSummary/GetServerInfo seg[0] 'API' is not a valid community slug, not a route — letting DNN handle it
20:41:07.299 /dashboard -> BEGIN routing (1 segment(s): dashboard)
20:41:07.300 /dashboard -> all segments match real DNN pages, skipping
20:41:07.745 /API/personaBar/localization/gettable -> BEGIN routing (4 segment(s): API/personaBar/localization/gettable)
20:41:07.747 /API/personaBar/localization/gettable seg[0] 'API' is not a valid community slug, not a route — letting DNN handle it
20:41:07.783 /API/personabar/serversummary/GetUpdateInfo -> BEGIN routing (4 segment(s): API/personabar/serversummary/GetUpdateInfo)
20:41:07.786 /API/personabar/serversummary/GetUpdateInfo seg[0] 'API' is not a valid community slug, not a route — letting DNN handle it
20:41:07.792 /API/personaBar/ServerSummary/GetServerInfo -> BEGIN routing (4 segment(s): API/personaBar/ServerSummary/GetServerInfo)
20:41:07.793 /API/personaBar/ServerSummary/GetServerInfo seg[0] 'API' is not a valid community slug, not a route — letting DNN handle it
20:41:08.811 /bond/home -> BEGIN routing (2 segment(s): bond/home)
20:41:08.813 /bond/home seg[0] 'bond' -> dynamic '[community]'
20:41:08.813 /bond/home seg[1] 'home' -> literal page
20:41:08.814 /bond/home -> REWRITE /Default.aspx?TabId=40 (/[community]/home) values=[community=bond]
20:41:09.123 /API/personaBar/localization/gettable -> BEGIN routing (4 segment(s): API/personaBar/localization/gettable)
20:41:09.126 /API/personaBar/localization/gettable seg[0] 'API' is not a valid community slug, not a route — letting DNN handle it
20:41:09.152 /API/personabar/serversummary/GetUpdateInfo -> BEGIN routing (4 segment(s): API/personabar/serversummary/GetUpdateInfo)
20:41:09.156 /API/personabar/serversummary/GetUpdateInfo seg[0] 'API' is not a valid community slug, not a route — letting DNN handle it
20:41:09.158 /API/personaBar/ServerSummary/GetServerInfo -> BEGIN routing (4 segment(s): API/personaBar/ServerSummary/GetServerInfo)
20:41:09.159 /API/personaBar/ServerSummary/GetServerInfo seg[0] 'API' is not a valid community slug, not a route — letting DNN handle it
20:41:11.502 /bond/timeline -> BEGIN routing (2 segment(s): bond/timeline)
20:41:11.503 /bond/timeline seg[0] 'bond' -> dynamic '[community]'
20:41:11.504 /bond/timeline seg[1] 'timeline' -> literal page
20:41:11.504 /bond/timeline -> REWRITE /Default.aspx?TabId=41 (/[community]/timeline) values=[community=bond]
20:41:17.189 /API/personaBar/localization/gettable -> BEGIN routing (4 segment(s): API/personaBar/localization/gettable)
20:41:17.192 /API/personaBar/localization/gettable seg[0] 'API' is not a valid community slug, not a route — letting DNN handle it
20:41:17.218 /API/personabar/serversummary/GetUpdateInfo -> BEGIN routing (4 segment(s): API/personabar/serversummary/GetUpdateInfo)
20:41:17.219 /API/personabar/serversummary/GetUpdateInfo seg[0] 'API' is not a valid community slug, not a route — letting DNN handle it
20:41:17.704 /API/personaBar/ServerSummary/GetServerInfo -> BEGIN routing (4 segment(s): API/personaBar/ServerSummary/GetServerInfo)
20:41:17.707 /API/personaBar/ServerSummary/GetServerInfo seg[0] 'API' is not a valid community slug, not a route — letting DNN handle it
20:42:23.359 /bond/home -> BEGIN routing (2 segment(s): bond/home)
20:42:23.360 /bond/home seg[0] 'bond' -> dynamic '[community]'
20:42:23.361 /bond/home seg[1] 'home' -> literal page
20:42:23.362 /bond/home -> REWRITE /Default.aspx?TabId=40 (/[community]/home) values=[community=bond]
20:42:23.711 /API/personaBar/localization/gettable -> BEGIN routing (4 segment(s): API/personaBar/localization/gettable)
20:42:23.714 /API/personaBar/localization/gettable seg[0] 'API' is not a valid community slug, not a route — letting DNN handle it
20:42:23.744 /API/personabar/serversummary/GetUpdateInfo -> BEGIN routing (4 segment(s): API/personabar/serversummary/GetUpdateInfo)
20:42:23.747 /API/personabar/serversummary/GetUpdateInfo seg[0] 'API' is not a valid community slug, not a route — letting DNN handle it
20:42:24.233 /API/personaBar/ServerSummary/GetServerInfo -> BEGIN routing (4 segment(s): API/personaBar/ServerSummary/GetServerInfo)
20:42:24.237 /API/personaBar/ServerSummary/GetServerInfo seg[0] 'API' is not a valid community slug, not a route — letting DNN handle it
20:42:58.914 /bond/timeline -> BEGIN routing (2 segment(s): bond/timeline)
20:42:58.916 /bond/timeline seg[0] 'bond' -> dynamic '[community]'
20:42:58.916 /bond/timeline seg[1] 'timeline' -> literal page
20:42:58.917 /bond/timeline -> REWRITE /Default.aspx?TabId=41 (/[community]/timeline) values=[community=bond]
20:43:04.126 /API/personaBar/localization/gettable -> BEGIN routing (4 segment(s): API/personaBar/localization/gettable)
20:43:04.128 /API/personaBar/localization/gettable seg[0] 'API' is not a valid community slug, not a route — letting DNN handle it
20:43:04.159 /API/personabar/serversummary/GetUpdateInfo -> BEGIN routing (4 segment(s): API/personabar/serversummary/GetUpdateInfo)
20:43:04.163 /API/personabar/serversummary/GetUpdateInfo seg[0] 'API' is not a valid community slug, not a route — letting DNN handle it
20:43:04.639 /API/personaBar/ServerSummary/GetServerInfo -> BEGIN routing (4 segment(s): API/personaBar/ServerSummary/GetServerInfo)
20:43:04.642 /API/personaBar/ServerSummary/GetServerInfo seg[0] 'API' is not a valid community slug, not a route — letting DNN handle it
20:43:17.648 /api/2sxc/admin/dialog/settings -> BEGIN routing (5 segment(s): api/2sxc/admin/dialog/settings)
20:43:17.653 /api/2sxc/admin/dialog/settings seg[0] 'api' is not a valid community slug, not a route — letting DNN handle it
20:43:49.005 /api/2sxc/admin/type/scopes -> BEGIN routing (5 segment(s): api/2sxc/admin/type/scopes)
20:43:49.008 /api/2sxc/admin/type/scopes seg[0] 'api' is not a valid community slug, not a route — letting DNN handle it
20:43:49.008 /api/2sxc/admin/type/list seg[0] 'api' is not a valid community slug, not a route — letting DNN handle it
20:46:42.808 /api/2sxc/cms/block/render -> BEGIN routing (5 segment(s): api/2sxc/cms/block/render)
20:46:42.812 /api/2sxc/cms/block/render seg[0] 'api' is not a valid community slug, not a route — letting DNN handle it
20:46:44.174 /bond/timeline -> BEGIN routing (2 segment(s): bond/timeline)
20:46:44.175 /bond/timeline seg[0] 'bond' -> dynamic '[community]'
20:46:44.175 /bond/timeline seg[1] 'timeline' -> literal page
20:46:44.176 /bond/timeline -> REWRITE /Default.aspx?TabId=41 (/[community]/timeline) values=[community=bond]
20:46:46.261 /API/personaBar/localization/gettable -> BEGIN routing (4 segment(s): API/personaBar/localization/gettable)
20:46:46.263 /API/personaBar/localization/gettable seg[0] 'API' is not a valid community slug, not a route — letting DNN handle it
20:46:46.296 /API/personabar/serversummary/GetUpdateInfo -> BEGIN routing (4 segment(s): API/personabar/serversummary/GetUpdateInfo)
20:46:46.299 /API/personabar/serversummary/GetUpdateInfo seg[0] 'API' is not a valid community slug, not a route — letting DNN handle it
20:46:46.788 /API/personaBar/ServerSummary/GetServerInfo -> BEGIN routing (4 segment(s): API/personaBar/ServerSummary/GetServerInfo)
20:46:46.790 /API/personaBar/ServerSummary/GetServerInfo seg[0] 'API' is not a valid community slug, not a route — letting DNN handle it
20:46:47.479 /api/2sxc/cms/edit/load -> BEGIN routing (5 segment(s): api/2sxc/cms/edit/load)
20:46:47.482 /api/2sxc/cms/edit/load seg[0] 'api' is not a valid community slug, not a route — letting DNN handle it
20:46:48.268 /api/2sxc/app/auto/query/CommunityData/Default -> BEGIN routing (7 segment(s): api/2sxc/app/auto/query/CommunityData/Default)
20:46:48.271 /api/2sxc/app/auto/query/CommunityData/Default seg[0] 'api' is not a valid community slug, not a route — letting DNN handle it
20:46:48.389 /api/2sxc/app/auto/data/ed31a7c6-e76c-4874-958f-d67f33c02c34/0b269d08-2c9c-4241-aad3-ff63f867572c/Image/items -> BEGIN routing (9 segment(s): api/2sxc/app/auto/data/ed31a7c6-e76c-4874-958f-d67f33c02c34/0b269d08-2c9c-4241-aad3-ff63f867572c/Image/items)
20:46:48.391 /api/2sxc/app/auto/data/ed31a7c6-e76c-4874-958f-d67f33c02c34/0b269d08-2c9c-4241-aad3-ff63f867572c/Image/items seg[0] 'api' is not a valid community slug, not a route — letting DNN handle it
20:46:56.537 /api/2sxc/cms/edit/save -> BEGIN routing (5 segment(s): api/2sxc/cms/edit/save)
20:46:56.539 /api/2sxc/cms/edit/save seg[0] 'api' is not a valid community slug, not a route — letting DNN handle it
20:46:57.458 /api/2sxc/cms/block/render -> BEGIN routing (5 segment(s): api/2sxc/cms/block/render)
20:46:57.461 /api/2sxc/cms/block/render seg[0] 'api' is not a valid community slug, not a route — letting DNN handle it
20:47:00.191 /api/2sxc/cms/edit/load -> BEGIN routing (5 segment(s): api/2sxc/cms/edit/load)
20:47:00.193 /api/2sxc/cms/edit/load seg[0] 'api' is not a valid community slug, not a route — letting DNN handle it
20:47:00.435 /api/2sxc/app/auto/query/CommunityData/Default -> BEGIN routing (7 segment(s): api/2sxc/app/auto/query/CommunityData/Default)
20:47:00.437 /api/2sxc/app/auto/query/CommunityData/Default seg[0] 'api' is not a valid community slug, not a route — letting DNN handle it
20:47:00.585 /api/2sxc/app/auto/data/ed31a7c6-e76c-4874-958f-d67f33c02c34/0b269d08-2c9c-4241-aad3-ff63f867572c/Image/items -> BEGIN routing (9 segment(s): api/2sxc/app/auto/data/ed31a7c6-e76c-4874-958f-d67f33c02c34/0b269d08-2c9c-4241-aad3-ff63f867572c/Image/items)
20:47:00.589 /api/2sxc/app/auto/data/ed31a7c6-e76c-4874-958f-d67f33c02c34/0b269d08-2c9c-4241-aad3-ff63f867572c/Image/items seg[0] 'api' is not a valid community slug, not a route — letting DNN handle it
20:47:14.977 /api/2sxc/cms/block/render -> BEGIN routing (5 segment(s): api/2sxc/cms/block/render)
20:47:14.979 /api/2sxc/cms/block/render seg[0] 'api' is not a valid community slug, not a route — letting DNN handle it
20:47:17.862 /api/2sxc/admin/dialog/settings -> BEGIN routing (5 segment(s): api/2sxc/admin/dialog/settings)
20:47:17.864 /api/2sxc/admin/dialog/settings seg[0] 'api' is not a valid community slug, not a route — letting DNN handle it
20:47:22.719 /api/2sxc/admin/type/scopes -> BEGIN routing (5 segment(s): api/2sxc/admin/type/scopes)
20:47:22.719 /api/2sxc/admin/type/list -> BEGIN routing (5 segment(s): api/2sxc/admin/type/list)
20:47:22.720 /api/2sxc/admin/type/scopes seg[0] 'api' is not a valid community slug, not a route — letting DNN handle it
20:47:22.721 /api/2sxc/admin/type/list seg[0] 'api' is not a valid community slug, not a route — letting DNN handle it
20:47:23.942 /api/2sxc/admin/type/get -> BEGIN routing (5 segment(s): api/2sxc/admin/type/get)
20:47:23.945 /api/2sxc/admin/entity/list seg[0] 'api' is not a valid community slug, not a route — letting DNN handle it
20:47:23.965 /api/2sxc/admin/field/all -> BEGIN routing (5 segment(s): api/2sxc/admin/field/all)
20:47:23.968 /api/2sxc/admin/field/all seg[0] 'api' is not a valid community slug, not a route — letting DNN handle it
20:47:25.337 /api/2sxc/admin/type/list -> BEGIN routing (5 segment(s): api/2sxc/admin/type/list)
20:47:25.339 /api/2sxc/admin/type/list seg[0] 'api' is not a valid community slug, not a route — letting DNN handle it
20:47:26.916 /api/2sxc/admin/field/all -> BEGIN routing (5 segment(s): api/2sxc/admin/field/all)
20:47:26.920 /api/2sxc/admin/type/get seg[0] 'api' is not a valid community slug, not a route — letting DNN handle it
20:47:30.084 /api/2sxc/admin/type/list -> BEGIN routing (5 segment(s): api/2sxc/admin/type/list)
20:47:30.086 /api/2sxc/admin/type/list seg[0] 'api' is not a valid community slug, not a route — letting DNN handle it
20:47:31.757 /api/2sxc/admin/field/all -> BEGIN routing (5 segment(s): api/2sxc/admin/field/all)
20:47:31.760 /api/2sxc/admin/type/get seg[0] 'api' is not a valid community slug, not a route — letting DNN handle it
20:47:37.601 /api/2sxc/cms/edit/load -> BEGIN routing (5 segment(s): api/2sxc/cms/edit/load)
20:47:37.604 /api/2sxc/cms/edit/load seg[0] 'api' is not a valid community slug, not a route — letting DNN handle it
20:47:44.901 /api/2sxc/cms/edit/save -> BEGIN routing (5 segment(s): api/2sxc/cms/edit/save)
20:47:44.903 /api/2sxc/cms/edit/save seg[0] 'api' is not a valid community slug, not a route — letting DNN handle it
20:47:45.148 /api/2sxc/admin/field/all -> BEGIN routing (5 segment(s): api/2sxc/admin/field/all)
20:47:45.149 /api/2sxc/admin/field/all seg[0] 'api' is not a valid community slug, not a route — letting DNN handle it
20:47:46.424 /api/2sxc/admin/type/list -> BEGIN routing (5 segment(s): api/2sxc/admin/type/list)
20:47:46.427 /api/2sxc/admin/type/list seg[0] 'api' is not a valid community slug, not a route — letting DNN handle it
20:47:48.141 /api/2sxc/cms/block/render -> BEGIN routing (5 segment(s): api/2sxc/cms/block/render)
20:47:48.145 /api/2sxc/cms/block/render seg[0] 'api' is not a valid community slug, not a route — letting DNN handle it
20:47:49.561 /api/2sxc/cms/edit/load -> BEGIN routing (5 segment(s): api/2sxc/cms/edit/load)
20:47:49.564 /api/2sxc/cms/edit/load seg[0] 'api' is not a valid community slug, not a route — letting DNN handle it
20:47:49.788 /api/2sxc/app/auto/query/CommunityData/Default -> BEGIN routing (7 segment(s): api/2sxc/app/auto/query/CommunityData/Default)
20:47:49.792 /api/2sxc/app/auto/query/CommunityData/Default seg[0] 'api' is not a valid community slug, not a route — letting DNN handle it
20:47:49.921 /api/2sxc/app/auto/data/ed31a7c6-e76c-4874-958f-d67f33c02c34/0b269d08-2c9c-4241-aad3-ff63f867572c/Image/items -> BEGIN routing (9 segment(s): api/2sxc/app/auto/data/ed31a7c6-e76c-4874-958f-d67f33c02c34/0b269d08-2c9c-4241-aad3-ff63f867572c/Image/items)
20:47:49.925 /api/2sxc/app/auto/data/ed31a7c6-e76c-4874-958f-d67f33c02c34/0b269d08-2c9c-4241-aad3-ff63f867572c/Image/items seg[0] 'api' is not a valid community slug, not a route — letting DNN handle it
20:47:57.388 /api/2sxc/cms/edit/save -> BEGIN routing (5 segment(s): api/2sxc/cms/edit/save)
20:47:57.391 /api/2sxc/cms/edit/save seg[0] 'api' is not a valid community slug, not a route — letting DNN handle it
20:47:57.575 /api/2sxc/cms/block/render -> BEGIN routing (5 segment(s): api/2sxc/cms/block/render)
20:47:57.578 /api/2sxc/cms/block/render seg[0] 'api' is not a valid community slug, not a route — letting DNN handle it
20:48:00.106 /api/2sxc/cms/edit/load -> BEGIN routing (5 segment(s): api/2sxc/cms/edit/load)
20:48:00.109 /api/2sxc/cms/edit/load seg[0] 'api' is not a valid community slug, not a route — letting DNN handle it
20:48:00.701 /api/2sxc/app/auto/data/ed31a7c6-e76c-4874-958f-d67f33c02c34/0b269d08-2c9c-4241-aad3-ff63f867572c/Image/items -> BEGIN routing (9 segment(s): api/2sxc/app/auto/data/ed31a7c6-e76c-4874-958f-d67f33c02c34/0b269d08-2c9c-4241-aad3-ff63f867572c/Image/items)
20:48:00.702 /api/2sxc/app/auto/query/CommunityData/Default -> BEGIN routing (7 segment(s): api/2sxc/app/auto/query/CommunityData/Default)
20:48:00.712 /api/2sxc/app/auto/query/CommunityData/Default seg[0] 'api' is not a valid community slug, not a route — letting DNN handle it
20:48:05.894 /api/2sxc/cms/edit/save -> BEGIN routing (5 segment(s): api/2sxc/cms/edit/save)
20:48:05.896 /api/2sxc/cms/edit/save seg[0] 'api' is not a valid community slug, not a route — letting DNN handle it
20:48:06.076 /api/2sxc/cms/block/render -> BEGIN routing (5 segment(s): api/2sxc/cms/block/render)
20:48:06.080 /api/2sxc/cms/block/render seg[0] 'api' is not a valid community slug, not a route — letting DNN handle it
20:48:12.139 /api/2sxc/admin/dialog/settings -> BEGIN routing (5 segment(s): api/2sxc/admin/dialog/settings)
20:48:12.141 /api/2sxc/admin/dialog/settings seg[0] 'api' is not a valid community slug, not a route — letting DNN handle it
20:48:13.420 /api/2sxc/admin/type/scopes -> BEGIN routing (5 segment(s): api/2sxc/admin/type/scopes)
20:48:13.422 /api/2sxc/admin/type/list -> BEGIN routing (5 segment(s): api/2sxc/admin/type/list)
20:48:13.423 /api/2sxc/admin/type/scopes seg[0] 'api' is not a valid community slug, not a route — letting DNN handle it
20:48:13.424 /api/2sxc/admin/type/list seg[0] 'api' is not a valid community slug, not a route — letting DNN handle it
20:48:19.568 /api/2sxc/admin/type/get -> BEGIN routing (5 segment(s): api/2sxc/admin/type/get)
20:48:19.570 /api/2sxc/admin/entity/list seg[0] 'api' is not a valid community slug, not a route — letting DNN handle it
20:48:19.597 /api/2sxc/admin/field/all -> BEGIN routing (5 segment(s): api/2sxc/admin/field/all)
20:48:19.598 /api/2sxc/admin/field/all seg[0] 'api' is not a valid community slug, not a route — letting DNN handle it
20:48:24.894 /api/2sxc/admin/entity/delete -> BEGIN routing (5 segment(s): api/2sxc/admin/entity/delete)
20:48:24.896 /api/2sxc/admin/entity/delete seg[0] 'api' is not a valid community slug, not a route — letting DNN handle it
20:48:26.267 /api/2sxc/admin/entity/delete -> BEGIN routing (5 segment(s): api/2sxc/admin/entity/delete)
20:48:26.271 /api/2sxc/admin/entity/delete seg[0] 'api' is not a valid community slug, not a route — letting DNN handle it
20:48:26.390 /api/2sxc/admin/entity/list -> BEGIN routing (5 segment(s): api/2sxc/admin/entity/list)
20:48:26.392 /api/2sxc/admin/entity/list seg[0] 'api' is not a valid community slug, not a route — letting DNN handle it
20:48:35.960 /api/2sxc/admin/entity/delete -> BEGIN routing (5 segment(s): api/2sxc/admin/entity/delete)
20:48:35.963 /api/2sxc/admin/entity/delete seg[0] 'api' is not a valid community slug, not a route — letting DNN handle it
20:48:36.042 /api/2sxc/admin/entity/list -> BEGIN routing (5 segment(s): api/2sxc/admin/entity/list)
20:48:36.045 /api/2sxc/admin/entity/list seg[0] 'api' is not a valid community slug, not a route — letting DNN handle it
20:48:37.300 /api/2sxc/admin/type/list -> BEGIN routing (5 segment(s): api/2sxc/admin/type/list)
20:48:37.303 /api/2sxc/admin/type/list seg[0] 'api' is not a valid community slug, not a route — letting DNN handle it
20:48:38.424 /api/2sxc/cms/block/render -> BEGIN routing (5 segment(s): api/2sxc/cms/block/render)
20:48:38.427 /api/2sxc/cms/block/render seg[0] 'api' is not a valid community slug, not a route — letting DNN handle it
20:48:41.508 /api/2sxc/cms/edit/load -> BEGIN routing (5 segment(s): api/2sxc/cms/edit/load)
20:48:41.511 /api/2sxc/cms/edit/load seg[0] 'api' is not a valid community slug, not a route — letting DNN handle it
20:48:41.763 /api/2sxc/app/auto/query/CommunityData/Default -> BEGIN routing (7 segment(s): api/2sxc/app/auto/query/CommunityData/Default)
20:48:41.766 /api/2sxc/app/auto/query/CommunityData/Default seg[0] 'api' is not a valid community slug, not a route — letting DNN handle it
20:48:41.880 /api/2sxc/app/auto/data/ed31a7c6-e76c-4874-958f-d67f33c02c34/0b269d08-2c9c-4241-aad3-ff63f867572c/Image/items -> BEGIN routing (9 segment(s): api/2sxc/app/auto/data/ed31a7c6-e76c-4874-958f-d67f33c02c34/0b269d08-2c9c-4241-aad3-ff63f867572c/Image/items)
20:48:41.882 /api/2sxc/app/auto/data/ed31a7c6-e76c-4874-958f-d67f33c02c34/0b269d08-2c9c-4241-aad3-ff63f867572c/Image/items seg[0] 'api' is not a valid community slug, not a route — letting DNN handle it
20:48:46.823 /api/2sxc/cms/edit/save -> BEGIN routing (5 segment(s): api/2sxc/cms/edit/save)
20:48:46.827 /api/2sxc/cms/edit/save seg[0] 'api' is not a valid community slug, not a route — letting DNN handle it
20:48:47.003 /api/2sxc/cms/block/render -> BEGIN routing (5 segment(s): api/2sxc/cms/block/render)
20:48:47.006 /api/2sxc/cms/block/render seg[0] 'api' is not a valid community slug, not a route — letting DNN handle it
20:48:52.423 /api/2sxc/cms/edit/load -> BEGIN routing (5 segment(s): api/2sxc/cms/edit/load)
20:48:52.440 /api/2sxc/cms/edit/load seg[0] 'api' is not a valid community slug, not a route — letting DNN handle it
20:48:52.718 /api/2sxc/app/auto/query/CommunityData/Default -> BEGIN routing (7 segment(s): api/2sxc/app/auto/query/CommunityData/Default)
20:48:52.722 /api/2sxc/app/auto/query/CommunityData/Default seg[0] 'api' is not a valid community slug, not a route — letting DNN handle it
20:48:52.847 /api/2sxc/app/auto/data/ed31a7c6-e76c-4874-958f-d67f33c02c34/0b269d08-2c9c-4241-aad3-ff63f867572c/Image/items -> BEGIN routing (9 segment(s): api/2sxc/app/auto/data/ed31a7c6-e76c-4874-958f-d67f33c02c34/0b269d08-2c9c-4241-aad3-ff63f867572c/Image/items)
20:48:52.851 /api/2sxc/app/auto/data/ed31a7c6-e76c-4874-958f-d67f33c02c34/0b269d08-2c9c-4241-aad3-ff63f867572c/Image/items seg[0] 'api' is not a valid community slug, not a route — letting DNN handle it
20:48:58.450 /api/2sxc/cms/edit/save -> BEGIN routing (5 segment(s): api/2sxc/cms/edit/save)
20:48:58.495 /api/2sxc/cms/edit/save seg[0] 'api' is not a valid community slug, not a route — letting DNN handle it
20:48:59.027 /api/2sxc/cms/block/render -> BEGIN routing (5 segment(s): api/2sxc/cms/block/render)
20:48:59.030 /api/2sxc/cms/block/render seg[0] 'api' is not a valid community slug, not a route — letting DNN handle it
20:49:03.721 /bond/timeline -> BEGIN routing (2 segment(s): bond/timeline)
20:49:03.722 /bond/timeline seg[0] 'bond' -> dynamic '[community]'
20:49:03.722 /bond/timeline seg[1] 'timeline' -> literal page
20:49:03.723 /bond/timeline -> REWRITE /Default.aspx?TabId=41 (/[community]/timeline) values=[community=bond]
20:49:04.172 /API/personaBar/localization/gettable -> BEGIN routing (4 segment(s): API/personaBar/localization/gettable)
20:49:04.174 /API/personaBar/localization/gettable seg[0] 'API' is not a valid community slug, not a route — letting DNN handle it
20:49:04.215 /API/personabar/serversummary/GetUpdateInfo -> BEGIN routing (4 segment(s): API/personabar/serversummary/GetUpdateInfo)
20:49:04.218 /API/personabar/serversummary/GetUpdateInfo seg[0] 'API' is not a valid community slug, not a route — letting DNN handle it
20:49:04.702 /API/personaBar/ServerSummary/GetServerInfo -> BEGIN routing (4 segment(s): API/personaBar/ServerSummary/GetServerInfo)
20:49:04.705 /API/personaBar/ServerSummary/GetServerInfo seg[0] 'API' is not a valid community slug, not a route — letting DNN handle it
20:49:06.918 /api/2sxc/cms/edit/load -> BEGIN routing (5 segment(s): api/2sxc/cms/edit/load)
20:49:06.921 /api/2sxc/cms/edit/load seg[0] 'api' is not a valid community slug, not a route — letting DNN handle it
20:49:07.137 /api/2sxc/app/auto/query/CommunityData/Default -> BEGIN routing (7 segment(s): api/2sxc/app/auto/query/CommunityData/Default)
20:49:07.139 /api/2sxc/app/auto/query/CommunityData/Default seg[0] 'api' is not a valid community slug, not a route — letting DNN handle it
20:49:07.586 /api/2sxc/app/auto/data/ed31a7c6-e76c-4874-958f-d67f33c02c34/0b269d08-2c9c-4241-aad3-ff63f867572c/Image/items -> BEGIN routing (9 segment(s): api/2sxc/app/auto/data/ed31a7c6-e76c-4874-958f-d67f33c02c34/0b269d08-2c9c-4241-aad3-ff63f867572c/Image/items)
20:49:07.589 /api/2sxc/app/auto/data/ed31a7c6-e76c-4874-958f-d67f33c02c34/0b269d08-2c9c-4241-aad3-ff63f867572c/Image/items seg[0] 'api' is not a valid community slug, not a route — letting DNN handle it
20:49:12.002 /api/2sxc/cms/edit/save -> BEGIN routing (5 segment(s): api/2sxc/cms/edit/save)
20:49:12.004 /api/2sxc/cms/edit/save seg[0] 'api' is not a valid community slug, not a route — letting DNN handle it
20:49:12.179 /api/2sxc/cms/block/render -> BEGIN routing (5 segment(s): api/2sxc/cms/block/render)
20:49:12.181 /api/2sxc/cms/block/render seg[0] 'api' is not a valid community slug, not a route — letting DNN handle it
20:50:17.322 /bond/timeline -> BEGIN routing (2 segment(s): bond/timeline)
20:50:17.324 /bond/timeline seg[0] 'bond' -> dynamic '[community]'
20:50:17.324 /bond/timeline seg[1] 'timeline' -> literal page
20:50:17.325 /bond/timeline -> REWRITE /Default.aspx?TabId=41 (/[community]/timeline) values=[community=bond]
20:50:17.754 /API/personaBar/localization/gettable -> BEGIN routing (4 segment(s): API/personaBar/localization/gettable)
20:50:17.756 /API/personaBar/localization/gettable seg[0] 'API' is not a valid community slug, not a route — letting DNN handle it
20:50:17.809 /API/personabar/serversummary/GetUpdateInfo -> BEGIN routing (4 segment(s): API/personabar/serversummary/GetUpdateInfo)
20:50:17.811 /API/personabar/serversummary/GetUpdateInfo seg[0] 'API' is not a valid community slug, not a route — letting DNN handle it
20:50:17.837 /API/personaBar/ServerSummary/GetServerInfo -> BEGIN routing (4 segment(s): API/personaBar/ServerSummary/GetServerInfo)
20:50:17.839 /API/personaBar/ServerSummary/GetServerInfo seg[0] 'API' is not a valid community slug, not a route — letting DNN handle it
20:50:20.006 /api/2sxc/cms/edit/load -> BEGIN routing (5 segment(s): api/2sxc/cms/edit/load)
20:50:20.009 /api/2sxc/cms/edit/load seg[0] 'api' is not a valid community slug, not a route — letting DNN handle it
20:50:20.236 /api/2sxc/app/auto/query/CommunityData/Default -> BEGIN routing (7 segment(s): api/2sxc/app/auto/query/CommunityData/Default)
20:50:20.239 /api/2sxc/app/auto/query/CommunityData/Default seg[0] 'api' is not a valid community slug, not a route — letting DNN handle it
20:50:20.441 /api/2sxc/app/auto/data/ed31a7c6-e76c-4874-958f-d67f33c02c34/0b269d08-2c9c-4241-aad3-ff63f867572c/Image/items -> BEGIN routing (9 segment(s): api/2sxc/app/auto/data/ed31a7c6-e76c-4874-958f-d67f33c02c34/0b269d08-2c9c-4241-aad3-ff63f867572c/Image/items)
20:50:20.509 /api/2sxc/app/auto/data/ed31a7c6-e76c-4874-958f-d67f33c02c34/0b269d08-2c9c-4241-aad3-ff63f867572c/Image/items seg[0] 'api' is not a valid community slug, not a route — letting DNN handle it
20:50:24.839 /api/2sxc/cms/edit/save -> BEGIN routing (5 segment(s): api/2sxc/cms/edit/save)
20:50:24.842 /api/2sxc/cms/edit/save seg[0] 'api' is not a valid community slug, not a route — letting DNN handle it
20:50:25.009 /api/2sxc/cms/block/render -> BEGIN routing (5 segment(s): api/2sxc/cms/block/render)
20:50:25.012 /api/2sxc/cms/block/render seg[0] 'api' is not a valid community slug, not a route — letting DNN handle it
20:50:27.886 /bond/timeline -> BEGIN routing (2 segment(s): bond/timeline)
20:50:27.888 /bond/timeline seg[0] 'bond' -> dynamic '[community]'
20:50:27.888 /bond/timeline seg[1] 'timeline' -> literal page
20:50:27.889 /bond/timeline -> REWRITE /Default.aspx?TabId=41 (/[community]/timeline) values=[community=bond]
20:50:28.832 /API/personaBar/localization/gettable -> BEGIN routing (4 segment(s): API/personaBar/localization/gettable)
20:50:28.834 /API/personaBar/localization/gettable seg[0] 'API' is not a valid community slug, not a route — letting DNN handle it
20:50:28.864 /API/personabar/serversummary/GetUpdateInfo -> BEGIN routing (4 segment(s): API/personabar/serversummary/GetUpdateInfo)
20:50:28.867 /API/personabar/serversummary/GetUpdateInfo seg[0] 'API' is not a valid community slug, not a route — letting DNN handle it
20:50:29.354 /API/personaBar/ServerSummary/GetServerInfo -> BEGIN routing (4 segment(s): API/personaBar/ServerSummary/GetServerInfo)
20:50:29.356 /API/personaBar/ServerSummary/GetServerInfo seg[0] 'API' is not a valid community slug, not a route — letting DNN handle it
20:50:31.399 /bond/timeline -> BEGIN routing (2 segment(s): bond/timeline)
20:50:31.399 /bond/timeline seg[0] 'bond' -> dynamic '[community]'
20:50:31.399 /bond/timeline seg[1] 'timeline' -> literal page
20:50:31.399 /bond/timeline -> REWRITE /Default.aspx?TabId=41 (/[community]/timeline) values=[community=bond]
20:50:32.041 /API/personaBar/localization/gettable -> BEGIN routing (4 segment(s): API/personaBar/localization/gettable)
20:50:32.044 /API/personaBar/localization/gettable seg[0] 'API' is not a valid community slug, not a route — letting DNN handle it
20:50:32.075 /API/personabar/serversummary/GetUpdateInfo -> BEGIN routing (4 segment(s): API/personabar/serversummary/GetUpdateInfo)
20:50:32.079 /API/personabar/serversummary/GetUpdateInfo seg[0] 'API' is not a valid community slug, not a route — letting DNN handle it
20:50:32.554 /API/personaBar/ServerSummary/GetServerInfo -> BEGIN routing (4 segment(s): API/personaBar/ServerSummary/GetServerInfo)
20:50:32.557 /API/personaBar/ServerSummary/GetServerInfo seg[0] 'API' is not a valid community slug, not a route — letting DNN handle it
20:50:33.579 /api/2sxc/cms/edit/load -> BEGIN routing (5 segment(s): api/2sxc/cms/edit/load)
20:50:33.582 /api/2sxc/cms/edit/load seg[0] 'api' is not a valid community slug, not a route — letting DNN handle it
20:50:33.824 /api/2sxc/app/auto/query/CommunityData/Default -> BEGIN routing (7 segment(s): api/2sxc/app/auto/query/CommunityData/Default)
20:50:33.827 /api/2sxc/app/auto/query/CommunityData/Default seg[0] 'api' is not a valid community slug, not a route — letting DNN handle it
20:50:33.942 /api/2sxc/app/auto/data/ed31a7c6-e76c-4874-958f-d67f33c02c34/0b269d08-2c9c-4241-aad3-ff63f867572c/Image/items -> BEGIN routing (9 segment(s): api/2sxc/app/auto/data/ed31a7c6-e76c-4874-958f-d67f33c02c34/0b269d08-2c9c-4241-aad3-ff63f867572c/Image/items)
20:50:33.944 /api/2sxc/app/auto/data/ed31a7c6-e76c-4874-958f-d67f33c02c34/0b269d08-2c9c-4241-aad3-ff63f867572c/Image/items seg[0] 'api' is not a valid community slug, not a route — letting DNN handle it
20:50:37.850 /api/2sxc/cms/edit/save -> BEGIN routing (5 segment(s): api/2sxc/cms/edit/save)
20:50:37.852 /api/2sxc/cms/edit/save seg[0] 'api' is not a valid community slug, not a route — letting DNN handle it
20:50:38.898 /api/2sxc/cms/block/render -> BEGIN routing (5 segment(s): api/2sxc/cms/block/render)
20:50:38.900 /api/2sxc/cms/block/render seg[0] 'api' is not a valid community slug, not a route — letting DNN handle it
20:50:44.690 /bond/timeline -> BEGIN routing (2 segment(s): bond/timeline)
20:50:44.692 /bond/timeline seg[0] 'bond' -> dynamic '[community]'
20:50:44.692 /bond/timeline seg[1] 'timeline' -> literal page
20:50:44.693 /bond/timeline -> REWRITE /Default.aspx?TabId=41 (/[community]/timeline) values=[community=bond]
20:50:45.059 /API/personaBar/localization/gettable -> BEGIN routing (4 segment(s): API/personaBar/localization/gettable)
20:50:45.061 /API/personaBar/localization/gettable seg[0] 'API' is not a valid community slug, not a route — letting DNN handle it
20:50:45.086 /API/personabar/serversummary/GetUpdateInfo -> BEGIN routing (4 segment(s): API/personabar/serversummary/GetUpdateInfo)
20:50:45.088 /API/personabar/serversummary/GetUpdateInfo seg[0] 'API' is not a valid community slug, not a route — letting DNN handle it
20:50:45.655 /API/personaBar/ServerSummary/GetServerInfo -> BEGIN routing (4 segment(s): API/personaBar/ServerSummary/GetServerInfo)
20:50:45.659 /API/personaBar/ServerSummary/GetServerInfo seg[0] 'API' is not a valid community slug, not a route — letting DNN handle it
20:50:52.775 /api/2sxc/cms/edit/load -> BEGIN routing (5 segment(s): api/2sxc/cms/edit/load)
20:50:52.778 /api/2sxc/cms/edit/load seg[0] 'api' is not a valid community slug, not a route — letting DNN handle it
20:50:53.294 /api/2sxc/app/auto/query/CommunityData/Default -> BEGIN routing (7 segment(s): api/2sxc/app/auto/query/CommunityData/Default)
20:50:53.413 /api/2sxc/app/auto/query/CommunityData/Default seg[0] 'api' is not a valid community slug, not a route — letting DNN handle it
20:50:53.415 /api/2sxc/app/auto/data/ed31a7c6-e76c-4874-958f-d67f33c02c34/0b269d08-2c9c-4241-aad3-ff63f867572c/Image/items -> BEGIN routing (9 segment(s): api/2sxc/app/auto/data/ed31a7c6-e76c-4874-958f-d67f33c02c34/0b269d08-2c9c-4241-aad3-ff63f867572c/Image/items)
20:50:53.418 /api/2sxc/app/auto/data/ed31a7c6-e76c-4874-958f-d67f33c02c34/0b269d08-2c9c-4241-aad3-ff63f867572c/Image/items seg[0] 'api' is not a valid community slug, not a route — letting DNN handle it
20:50:58.116 /api/2sxc/cms/edit/save -> BEGIN routing (5 segment(s): api/2sxc/cms/edit/save)
20:50:58.118 /api/2sxc/cms/edit/save seg[0] 'api' is not a valid community slug, not a route — letting DNN handle it
20:50:58.282 /api/2sxc/cms/block/render -> BEGIN routing (5 segment(s): api/2sxc/cms/block/render)
20:50:58.285 /api/2sxc/cms/block/render seg[0] 'api' is not a valid community slug, not a route — letting DNN handle it
20:53:28.140 /bond/timeline -> BEGIN routing (2 segment(s): bond/timeline)
20:53:28.141 /bond/timeline seg[0] 'bond' -> dynamic '[community]'
20:53:28.141 /bond/timeline seg[1] 'timeline' -> literal page
20:53:28.141 /bond/timeline -> REWRITE /Default.aspx?TabId=41 (/[community]/timeline) values=[community=bond]
20:53:32.305 /API/personaBar/localization/gettable -> BEGIN routing (4 segment(s): API/personaBar/localization/gettable)
20:53:32.307 /API/personaBar/localization/gettable seg[0] 'API' is not a valid community slug, not a route — letting DNN handle it
20:53:32.339 /API/personabar/serversummary/GetUpdateInfo -> BEGIN routing (4 segment(s): API/personabar/serversummary/GetUpdateInfo)
20:53:32.342 /API/personabar/serversummary/GetUpdateInfo seg[0] 'API' is not a valid community slug, not a route — letting DNN handle it
20:53:32.359 /API/personaBar/ServerSummary/GetServerInfo -> BEGIN routing (4 segment(s): API/personaBar/ServerSummary/GetServerInfo)
20:53:32.361 /API/personaBar/ServerSummary/GetServerInfo seg[0] 'API' is not a valid community slug, not a route — letting DNN handle it
20:53:34.362 /api/2sxc/cms/edit/load -> BEGIN routing (5 segment(s): api/2sxc/cms/edit/load)
20:53:34.365 /api/2sxc/cms/edit/load seg[0] 'api' is not a valid community slug, not a route — letting DNN handle it
20:53:34.625 /api/2sxc/app/auto/query/CommunityData/Default -> BEGIN routing (7 segment(s): api/2sxc/app/auto/query/CommunityData/Default)
20:53:34.627 /api/2sxc/app/auto/query/CommunityData/Default seg[0] 'api' is not a valid community slug, not a route — letting DNN handle it
20:53:34.750 /api/2sxc/app/auto/data/ed31a7c6-e76c-4874-958f-d67f33c02c34/0b269d08-2c9c-4241-aad3-ff63f867572c/Image/items -> BEGIN routing (9 segment(s): api/2sxc/app/auto/data/ed31a7c6-e76c-4874-958f-d67f33c02c34/0b269d08-2c9c-4241-aad3-ff63f867572c/Image/items)
20:53:34.753 /api/2sxc/app/auto/data/ed31a7c6-e76c-4874-958f-d67f33c02c34/0b269d08-2c9c-4241-aad3-ff63f867572c/Image/items seg[0] 'api' is not a valid community slug, not a route — letting DNN handle it
20:53:39.680 /api/2sxc/cms/edit/save -> BEGIN routing (5 segment(s): api/2sxc/cms/edit/save)
20:53:39.681 /api/2sxc/cms/edit/save seg[0] 'api' is not a valid community slug, not a route — letting DNN handle it
20:53:39.887 /api/2sxc/cms/block/render -> BEGIN routing (5 segment(s): api/2sxc/cms/block/render)
20:53:39.891 /api/2sxc/cms/block/render seg[0] 'api' is not a valid community slug, not a route — letting DNN handle it
20:53:41.814 /bond/timeline -> BEGIN routing (2 segment(s): bond/timeline)
20:53:41.816 /bond/timeline seg[0] 'bond' -> dynamic '[community]'
20:53:41.817 /bond/timeline seg[1] 'timeline' -> literal page
20:53:41.818 /bond/timeline -> REWRITE /Default.aspx?TabId=41 (/[community]/timeline) values=[community=bond]
20:53:42.395 /API/personaBar/localization/gettable -> BEGIN routing (4 segment(s): API/personaBar/localization/gettable)
20:53:42.397 /API/personaBar/localization/gettable seg[0] 'API' is not a valid community slug, not a route — letting DNN handle it
20:53:42.428 /API/personabar/serversummary/GetUpdateInfo -> BEGIN routing (4 segment(s): API/personabar/serversummary/GetUpdateInfo)
20:53:42.432 /API/personabar/serversummary/GetUpdateInfo seg[0] 'API' is not a valid community slug, not a route — letting DNN handle it
20:53:42.922 /API/personaBar/ServerSummary/GetServerInfo -> BEGIN routing (4 segment(s): API/personaBar/ServerSummary/GetServerInfo)
20:53:42.924 /API/personaBar/ServerSummary/GetServerInfo seg[0] 'API' is not a valid community slug, not a route — letting DNN handle it
20:54:06.892 /bond/timeline -> BEGIN routing (2 segment(s): bond/timeline)
20:54:06.893 /bond/timeline seg[0] 'bond' -> dynamic '[community]'
20:54:06.894 /bond/timeline seg[1] 'timeline' -> literal page
20:54:06.895 /bond/timeline -> REWRITE /Default.aspx?TabId=41 (/[community]/timeline) values=[community=bond]
20:54:10.032 /API/personaBar/localization/gettable -> BEGIN routing (4 segment(s): API/personaBar/localization/gettable)
20:54:10.035 /API/personaBar/localization/gettable seg[0] 'API' is not a valid community slug, not a route — letting DNN handle it
20:54:10.073 /API/personabar/serversummary/GetUpdateInfo -> BEGIN routing (4 segment(s): API/personabar/serversummary/GetUpdateInfo)
20:54:10.075 /API/personabar/serversummary/GetUpdateInfo seg[0] 'API' is not a valid community slug, not a route — letting DNN handle it
20:54:10.568 /API/personaBar/ServerSummary/GetServerInfo -> BEGIN routing (4 segment(s): API/personaBar/ServerSummary/GetServerInfo)
20:54:10.571 /API/personaBar/ServerSummary/GetServerInfo seg[0] 'API' is not a valid community slug, not a route — letting DNN handle it
20:54:11.478 /api/2sxc/cms/edit/load -> BEGIN routing (5 segment(s): api/2sxc/cms/edit/load)
20:54:11.481 /api/2sxc/cms/edit/load seg[0] 'api' is not a valid community slug, not a route — letting DNN handle it
20:54:12.058 /api/2sxc/app/auto/query/CommunityData/Default -> BEGIN routing (7 segment(s): api/2sxc/app/auto/query/CommunityData/Default)
20:54:12.083 /api/2sxc/app/auto/data/ed31a7c6-e76c-4874-958f-d67f33c02c34/0b269d08-2c9c-4241-aad3-ff63f867572c/Image/items -> BEGIN routing (9 segment(s): api/2sxc/app/auto/data/ed31a7c6-e76c-4874-958f-d67f33c02c34/0b269d08-2c9c-4241-aad3-ff63f867572c/Image/items)
20:54:12.203 /api/2sxc/app/auto/query/CommunityData/Default seg[0] 'api' is not a valid community slug, not a route — letting DNN handle it
20:54:12.250 /api/2sxc/app/auto/data/ed31a7c6-e76c-4874-958f-d67f33c02c34/0b269d08-2c9c-4241-aad3-ff63f867572c/Image/items seg[0] 'api' is not a valid community slug, not a route — letting DNN handle it
20:54:16.461 /api/2sxc/cms/edit/save -> BEGIN routing (5 segment(s): api/2sxc/cms/edit/save)
20:54:16.464 /api/2sxc/cms/edit/save seg[0] 'api' is not a valid community slug, not a route — letting DNN handle it
20:54:16.640 /api/2sxc/cms/block/render -> BEGIN routing (5 segment(s): api/2sxc/cms/block/render)
20:54:16.643 /api/2sxc/cms/block/render seg[0] 'api' is not a valid community slug, not a route — letting DNN handle it
20:54:19.929 /bond/timeline -> BEGIN routing (2 segment(s): bond/timeline)
20:54:19.930 /bond/timeline seg[0] 'bond' -> dynamic '[community]'
20:54:19.930 /bond/timeline seg[1] 'timeline' -> literal page
20:54:19.931 /bond/timeline -> REWRITE /Default.aspx?TabId=41 (/[community]/timeline) values=[community=bond]
20:54:20.437 /API/personaBar/localization/gettable -> BEGIN routing (4 segment(s): API/personaBar/localization/gettable)
20:54:20.440 /API/personaBar/localization/gettable seg[0] 'API' is not a valid community slug, not a route — letting DNN handle it
20:54:20.475 /API/personabar/serversummary/GetUpdateInfo -> BEGIN routing (4 segment(s): API/personabar/serversummary/GetUpdateInfo)
20:54:20.477 /API/personabar/serversummary/GetUpdateInfo seg[0] 'API' is not a valid community slug, not a route — letting DNN handle it
20:54:20.500 /API/personaBar/ServerSummary/GetServerInfo -> BEGIN routing (4 segment(s): API/personaBar/ServerSummary/GetServerInfo)
20:54:20.503 /API/personaBar/ServerSummary/GetServerInfo seg[0] 'API' is not a valid community slug, not a route — letting DNN handle it
20:54:22.350 /api/2sxc/cms/edit/load -> BEGIN routing (5 segment(s): api/2sxc/cms/edit/load)
20:54:22.353 /api/2sxc/cms/edit/load seg[0] 'api' is not a valid community slug, not a route — letting DNN handle it
20:54:22.583 /api/2sxc/app/auto/query/CommunityData/Default -> BEGIN routing (7 segment(s): api/2sxc/app/auto/query/CommunityData/Default)
20:54:22.587 /api/2sxc/app/auto/query/CommunityData/Default seg[0] 'api' is not a valid community slug, not a route — letting DNN handle it
20:54:22.985 /api/2sxc/app/auto/data/ed31a7c6-e76c-4874-958f-d67f33c02c34/0b269d08-2c9c-4241-aad3-ff63f867572c/Image/items -> BEGIN routing (9 segment(s): api/2sxc/app/auto/data/ed31a7c6-e76c-4874-958f-d67f33c02c34/0b269d08-2c9c-4241-aad3-ff63f867572c/Image/items)
20:54:23.091 /api/2sxc/app/auto/data/ed31a7c6-e76c-4874-958f-d67f33c02c34/0b269d08-2c9c-4241-aad3-ff63f867572c/Image/items seg[0] 'api' is not a valid community slug, not a route — letting DNN handle it
20:54:26.942 /api/2sxc/cms/edit/save -> BEGIN routing (5 segment(s): api/2sxc/cms/edit/save)
20:54:26.944 /api/2sxc/cms/edit/save seg[0] 'api' is not a valid community slug, not a route — letting DNN handle it
20:54:27.123 /api/2sxc/cms/block/render -> BEGIN routing (5 segment(s): api/2sxc/cms/block/render)
20:54:27.125 /api/2sxc/cms/block/render seg[0] 'api' is not a valid community slug, not a route — letting DNN handle it
20:55:07.775 /api/2sxc/cms/edit/load -> BEGIN routing (5 segment(s): api/2sxc/cms/edit/load)
20:55:07.776 /api/2sxc/cms/edit/load seg[0] 'api' is not a valid community slug, not a route — letting DNN handle it
20:55:08.340 /api/2sxc/app/auto/query/CommunityData/Default -> BEGIN routing (7 segment(s): api/2sxc/app/auto/query/CommunityData/Default)
20:55:08.454 /api/2sxc/app/auto/query/CommunityData/Default seg[0] 'api' is not a valid community slug, not a route — letting DNN handle it
20:55:08.537 /api/2sxc/app/auto/data/ed31a7c6-e76c-4874-958f-d67f33c02c34/0b269d08-2c9c-4241-aad3-ff63f867572c/Image/items -> BEGIN routing (9 segment(s): api/2sxc/app/auto/data/ed31a7c6-e76c-4874-958f-d67f33c02c34/0b269d08-2c9c-4241-aad3-ff63f867572c/Image/items)
20:55:08.540 /api/2sxc/app/auto/data/ed31a7c6-e76c-4874-958f-d67f33c02c34/0b269d08-2c9c-4241-aad3-ff63f867572c/Image/items seg[0] 'api' is not a valid community slug, not a route — letting DNN handle it
20:55:12.594 /api/2sxc/cms/edit/save -> BEGIN routing (5 segment(s): api/2sxc/cms/edit/save)
20:55:12.597 /api/2sxc/cms/edit/save seg[0] 'api' is not a valid community slug, not a route — letting DNN handle it
20:55:12.778 /api/2sxc/cms/block/render -> BEGIN routing (5 segment(s): api/2sxc/cms/block/render)
20:55:12.781 /api/2sxc/cms/block/render seg[0] 'api' is not a valid community slug, not a route — letting DNN handle it
20:55:47.516 /administrator/communities -> BEGIN routing (2 segment(s): administrator/communities)
20:55:47.517 /administrator/communities -> all segments match real DNN pages, skipping
20:55:51.738 /API/personaBar/localization/gettable -> BEGIN routing (4 segment(s): API/personaBar/localization/gettable)
20:55:51.740 /API/personaBar/localization/gettable seg[0] 'API' is not a valid community slug, not a route — letting DNN handle it
20:55:51.789 /API/personabar/serversummary/GetUpdateInfo -> BEGIN routing (4 segment(s): API/personabar/serversummary/GetUpdateInfo)
20:55:51.792 /API/personabar/serversummary/GetUpdateInfo seg[0] 'API' is not a valid community slug, not a route — letting DNN handle it
20:55:52.270 /API/personaBar/ServerSummary/GetServerInfo -> BEGIN routing (4 segment(s): API/personaBar/ServerSummary/GetServerInfo)
20:55:52.273 /API/personaBar/ServerSummary/GetServerInfo seg[0] 'API' is not a valid community slug, not a route — letting DNN handle it
20:56:02.548 /API/internalservices/controlBar/ToggleUserMode -> BEGIN routing (4 segment(s): API/internalservices/controlBar/ToggleUserMode)
20:56:02.552 /API/internalservices/controlBar/ToggleUserMode seg[0] 'API' is not a valid community slug, not a route — letting DNN handle it
20:56:02.598 /API/personaBar/UserSettings/UpdateUserSettings -> BEGIN routing (4 segment(s): API/personaBar/UserSettings/UpdateUserSettings)
20:56:02.600 /API/personaBar/UserSettings/UpdateUserSettings seg[0] 'API' is not a valid community slug, not a route — letting DNN handle it
20:56:02.642 /administrator/communities -> BEGIN routing (2 segment(s): administrator/communities)
20:56:02.643 /administrator/communities -> all segments match real DNN pages, skipping
20:56:05.740 /API/personaBar/localization/gettable -> BEGIN routing (4 segment(s): API/personaBar/localization/gettable)
20:56:05.742 /API/personaBar/localization/gettable seg[0] 'API' is not a valid community slug, not a route — letting DNN handle it
20:56:05.794 /API/personabar/serversummary/GetUpdateInfo -> BEGIN routing (4 segment(s): API/personabar/serversummary/GetUpdateInfo)
20:56:05.796 /API/personabar/serversummary/GetUpdateInfo seg[0] 'API' is not a valid community slug, not a route — letting DNN handle it
20:56:05.812 /API/personaBar/ServerSummary/GetServerInfo -> BEGIN routing (4 segment(s): API/personaBar/ServerSummary/GetServerInfo)
20:56:05.814 /API/personaBar/ServerSummary/GetServerInfo seg[0] 'API' is not a valid community slug, not a route — letting DNN handle it
20:56:05.836 /DesktopModules/editBar/common/API/localization/gettable -> BEGIN routing (6 segment(s): DesktopModules/editBar/common/API/localization/gettable)
20:56:05.836 /DesktopModules/editBar/common/API/localization/gettable -> skipped (physical directory 'DesktopModules')
20:56:08.834 /administrator/communities/ctl/Edit/mid/4416 -> BEGIN routing (6 segment(s): administrator/communities/ctl/Edit/mid/4416)
20:56:08.835 /administrator/communities/ctl/Edit/mid/4416 -> skipped (ctl URL)
20:56:09.087 /API/personaBar/localization/gettable -> BEGIN routing (4 segment(s): API/personaBar/localization/gettable)
20:56:09.090 /API/personaBar/localization/gettable seg[0] 'API' is not a valid community slug, not a route — letting DNN handle it
20:56:09.110 /API/personabar/serversummary/GetUpdateInfo -> BEGIN routing (4 segment(s): API/personabar/serversummary/GetUpdateInfo)
20:56:09.113 /API/personabar/serversummary/GetUpdateInfo seg[0] 'API' is not a valid community slug, not a route — letting DNN handle it
20:56:09.605 /API/personaBar/ServerSummary/GetServerInfo -> BEGIN routing (4 segment(s): API/personaBar/ServerSummary/GetServerInfo)
20:56:09.608 /API/personaBar/ServerSummary/GetServerInfo seg[0] 'API' is not a valid community slug, not a route — letting DNN handle it
20:56:21.136 /API/personaBar/localization/gettable -> BEGIN routing (4 segment(s): API/personaBar/localization/gettable)
20:56:21.142 /API/personaBar/localization/gettable seg[0] 'API' is not a valid community slug, not a route — letting DNN handle it
20:56:21.142 /DesktopModules/editBar/common/API/localization/gettable -> skipped (physical directory 'DesktopModules')
20:56:21.164 /API/personabar/serversummary/GetUpdateInfo -> BEGIN routing (4 segment(s): API/personabar/serversummary/GetUpdateInfo)
20:56:21.167 /API/personabar/serversummary/GetUpdateInfo seg[0] 'API' is not a valid community slug, not a route — letting DNN handle it
20:56:21.649 /API/personaBar/ServerSummary/GetServerInfo -> BEGIN routing (4 segment(s): API/personaBar/ServerSummary/GetServerInfo)
20:56:21.653 /API/personaBar/ServerSummary/GetServerInfo seg[0] 'API' is not a valid community slug, not a route — letting DNN handle it
20:57:44.327 /bond/timeline -> BEGIN routing (2 segment(s): bond/timeline)
20:57:44.328 /bond/timeline seg[0] 'bond' -> dynamic '[community]'
20:57:44.329 /bond/timeline seg[1] 'timeline' -> literal page
20:57:44.329 /bond/timeline -> REWRITE /Default.aspx?TabId=41 (/[community]/timeline) values=[community=bond]
20:57:44.359 /bond/timeline -> BEGIN routing (2 segment(s): bond/timeline)
20:57:44.361 /bond/timeline seg[0] 'bond' -> dynamic '[community]'
20:57:44.361 /bond/timeline seg[1] 'timeline' -> literal page
20:57:44.362 /bond/timeline -> REWRITE /Default.aspx?TabId=41 (/[community]/timeline) values=[community=bond]
20:57:47.967 /API/personaBar/localization/gettable -> BEGIN routing (4 segment(s): API/personaBar/localization/gettable)
20:57:47.969 /API/personaBar/localization/gettable seg[0] 'API' is not a valid community slug, not a route — letting DNN handle it
20:57:47.991 /API/personabar/serversummary/GetUpdateInfo -> BEGIN routing (4 segment(s): API/personabar/serversummary/GetUpdateInfo)
20:57:47.994 /API/personabar/serversummary/GetUpdateInfo seg[0] 'API' is not a valid community slug, not a route — letting DNN handle it
20:57:48.493 /API/personaBar/ServerSummary/GetServerInfo -> BEGIN routing (4 segment(s): API/personaBar/ServerSummary/GetServerInfo)
20:57:48.496 /API/personaBar/ServerSummary/GetServerInfo seg[0] 'API' is not a valid community slug, not a route — letting DNN handle it
20:57:49.688 /api/2sxc/cms/edit/load -> BEGIN routing (5 segment(s): api/2sxc/cms/edit/load)
20:57:49.693 /api/2sxc/cms/edit/load seg[0] 'api' is not a valid community slug, not a route — letting DNN handle it
20:57:49.852 /api/2sxc/app/auto/query/CommunityData/Default -> BEGIN routing (7 segment(s): api/2sxc/app/auto/query/CommunityData/Default)
20:57:49.854 /api/2sxc/app/auto/query/CommunityData/Default seg[0] 'api' is not a valid community slug, not a route — letting DNN handle it
20:57:49.965 /api/2sxc/app/auto/data/ed31a7c6-e76c-4874-958f-d67f33c02c34/0b269d08-2c9c-4241-aad3-ff63f867572c/Image/items -> BEGIN routing (9 segment(s): api/2sxc/app/auto/data/ed31a7c6-e76c-4874-958f-d67f33c02c34/0b269d08-2c9c-4241-aad3-ff63f867572c/Image/items)
20:57:49.966 /api/2sxc/app/auto/data/ed31a7c6-e76c-4874-958f-d67f33c02c34/0b269d08-2c9c-4241-aad3-ff63f867572c/Image/items seg[0] 'api' is not a valid community slug, not a route — letting DNN handle it
20:57:55.587 /api/2sxc/cms/edit/save -> BEGIN routing (5 segment(s): api/2sxc/cms/edit/save)
20:57:55.590 /api/2sxc/cms/edit/save seg[0] 'api' is not a valid community slug, not a route — letting DNN handle it
20:57:55.788 /api/2sxc/cms/block/render -> BEGIN routing (5 segment(s): api/2sxc/cms/block/render)
20:57:55.792 /api/2sxc/cms/block/render seg[0] 'api' is not a valid community slug, not a route — letting DNN handle it
20:57:59.348 /bond/timeline -> BEGIN routing (2 segment(s): bond/timeline)
20:57:59.350 /bond/timeline seg[0] 'bond' -> dynamic '[community]'
20:57:59.350 /bond/timeline seg[1] 'timeline' -> literal page
20:57:59.351 /bond/timeline -> REWRITE /Default.aspx?TabId=41 (/[community]/timeline) values=[community=bond]
20:57:59.658 /API/personaBar/localization/gettable -> BEGIN routing (4 segment(s): API/personaBar/localization/gettable)
20:57:59.661 /API/personaBar/localization/gettable seg[0] 'API' is not a valid community slug, not a route — letting DNN handle it
20:57:59.683 /API/personabar/serversummary/GetUpdateInfo -> BEGIN routing (4 segment(s): API/personabar/serversummary/GetUpdateInfo)
20:57:59.686 /API/personabar/serversummary/GetUpdateInfo seg[0] 'API' is not a valid community slug, not a route — letting DNN handle it
20:58:00.174 /API/personaBar/ServerSummary/GetServerInfo -> BEGIN routing (4 segment(s): API/personaBar/ServerSummary/GetServerInfo)
20:58:00.178 /API/personaBar/ServerSummary/GetServerInfo seg[0] 'API' is not a valid community slug, not a route — letting DNN handle it
20:58:00.202 /bond/timeline -> BEGIN routing (2 segment(s): bond/timeline)
20:58:00.203 /bond/timeline seg[0] 'bond' -> dynamic '[community]'
20:58:00.203 /bond/timeline seg[1] 'timeline' -> literal page
20:58:00.205 /bond/timeline -> REWRITE /Default.aspx?TabId=41 (/[community]/timeline) values=[community=bond]
20:58:00.664 /API/personaBar/localization/gettable -> BEGIN routing (4 segment(s): API/personaBar/localization/gettable)
20:58:00.666 /API/personaBar/localization/gettable seg[0] 'API' is not a valid community slug, not a route — letting DNN handle it
20:58:00.685 /API/personabar/serversummary/GetUpdateInfo -> BEGIN routing (4 segment(s): API/personabar/serversummary/GetUpdateInfo)
20:58:00.687 /API/personabar/serversummary/GetUpdateInfo seg[0] 'API' is not a valid community slug, not a route — letting DNN handle it
20:58:01.177 /API/personaBar/ServerSummary/GetServerInfo -> BEGIN routing (4 segment(s): API/personaBar/ServerSummary/GetServerInfo)
20:58:01.181 /API/personaBar/ServerSummary/GetServerInfo seg[0] 'API' is not a valid community slug, not a route — letting DNN handle it
20:58:25.231 /bond/timeline -> BEGIN routing (2 segment(s): bond/timeline)
20:58:25.232 /bond/timeline seg[0] 'bond' -> dynamic '[community]'
20:58:25.232 /bond/timeline seg[1] 'timeline' -> literal page
20:58:25.233 /bond/timeline -> REWRITE /Default.aspx?TabId=41 (/[community]/timeline) values=[community=bond]
20:58:29.024 /API/personaBar/localization/gettable -> BEGIN routing (4 segment(s): API/personaBar/localization/gettable)
20:58:29.031 /API/personaBar/localization/gettable seg[0] 'API' is not a valid community slug, not a route — letting DNN handle it
20:58:29.052 /API/personabar/serversummary/GetUpdateInfo -> BEGIN routing (4 segment(s): API/personabar/serversummary/GetUpdateInfo)
20:58:29.056 /API/personabar/serversummary/GetUpdateInfo seg[0] 'API' is not a valid community slug, not a route — letting DNN handle it
20:58:29.536 /API/personaBar/ServerSummary/GetServerInfo -> BEGIN routing (4 segment(s): API/personaBar/ServerSummary/GetServerInfo)
20:58:29.544 /API/personaBar/ServerSummary/GetServerInfo seg[0] 'API' is not a valid community slug, not a route — letting DNN handle it
20:58:32.766 /administrator/communities -> BEGIN routing (2 segment(s): administrator/communities)
20:58:32.766 /administrator/communities -> all segments match real DNN pages, skipping
20:58:32.969 /API/personaBar/localization/gettable -> BEGIN routing (4 segment(s): API/personaBar/localization/gettable)
20:58:32.974 /API/personaBar/localization/gettable seg[0] 'API' is not a valid community slug, not a route — letting DNN handle it
20:58:32.992 /API/personabar/serversummary/GetUpdateInfo -> BEGIN routing (4 segment(s): API/personabar/serversummary/GetUpdateInfo)
20:58:32.995 /API/personabar/serversummary/GetUpdateInfo seg[0] 'API' is not a valid community slug, not a route — letting DNN handle it
20:58:33.494 /API/personaBar/ServerSummary/GetServerInfo -> BEGIN routing (4 segment(s): API/personaBar/ServerSummary/GetServerInfo)
20:58:33.499 /API/personaBar/ServerSummary/GetServerInfo seg[0] 'API' is not a valid community slug, not a route — letting DNN handle it
20:58:56.897 /API/internalservices/controlBar/ToggleUserMode -> BEGIN routing (4 segment(s): API/internalservices/controlBar/ToggleUserMode)
20:58:56.900 /API/internalservices/controlBar/ToggleUserMode seg[0] 'API' is not a valid community slug, not a route — letting DNN handle it
20:58:56.931 /API/personaBar/UserSettings/UpdateUserSettings -> BEGIN routing (4 segment(s): API/personaBar/UserSettings/UpdateUserSettings)
20:58:56.933 /API/personaBar/UserSettings/UpdateUserSettings seg[0] 'API' is not a valid community slug, not a route — letting DNN handle it
20:58:56.966 /administrator/communities -> BEGIN routing (2 segment(s): administrator/communities)
20:58:56.967 /administrator/communities -> all segments match real DNN pages, skipping
20:58:57.220 /API/personaBar/localization/gettable -> BEGIN routing (4 segment(s): API/personaBar/localization/gettable)
20:58:57.223 /API/personaBar/localization/gettable seg[0] 'API' is not a valid community slug, not a route — letting DNN handle it
20:58:57.238 /DesktopModules/editBar/common/API/localization/gettable -> BEGIN routing (6 segment(s): DesktopModules/editBar/common/API/localization/gettable)
20:58:57.238 /DesktopModules/editBar/common/API/localization/gettable -> skipped (physical directory 'DesktopModules')
20:58:57.244 /API/personabar/serversummary/GetUpdateInfo -> BEGIN routing (4 segment(s): API/personabar/serversummary/GetUpdateInfo)
20:58:57.246 /API/personabar/serversummary/GetUpdateInfo seg[0] 'API' is not a valid community slug, not a route — letting DNN handle it
20:58:57.732 /API/personaBar/ServerSummary/GetServerInfo -> BEGIN routing (4 segment(s): API/personaBar/ServerSummary/GetServerInfo)
20:58:57.736 /API/personaBar/ServerSummary/GetServerInfo seg[0] 'API' is not a valid community slug, not a route — letting DNN handle it
20:59:02.384 /administrator/communities/ctl/Edit/mid/4416 -> BEGIN routing (6 segment(s): administrator/communities/ctl/Edit/mid/4416)
20:59:02.384 /administrator/communities/ctl/Edit/mid/4416 -> skipped (ctl URL)
20:59:02.571 /API/personaBar/localization/gettable -> BEGIN routing (4 segment(s): API/personaBar/localization/gettable)
20:59:02.574 /API/personaBar/localization/gettable seg[0] 'API' is not a valid community slug, not a route — letting DNN handle it
20:59:02.594 /API/personabar/serversummary/GetUpdateInfo -> BEGIN routing (4 segment(s): API/personabar/serversummary/GetUpdateInfo)
20:59:02.595 /API/personabar/serversummary/GetUpdateInfo seg[0] 'API' is not a valid community slug, not a route — letting DNN handle it
20:59:03.087 /API/personaBar/ServerSummary/GetServerInfo -> BEGIN routing (4 segment(s): API/personaBar/ServerSummary/GetServerInfo)
20:59:03.093 /API/personaBar/ServerSummary/GetServerInfo seg[0] 'API' is not a valid community slug, not a route — letting DNN handle it
20:59:16.208 /API/personaBar/localization/gettable -> BEGIN routing (4 segment(s): API/personaBar/localization/gettable)
20:59:16.212 /API/personaBar/localization/gettable seg[0] 'API' is not a valid community slug, not a route — letting DNN handle it
20:59:16.212 /DesktopModules/editBar/common/API/localization/gettable -> BEGIN routing (6 segment(s): DesktopModules/editBar/common/API/localization/gettable)
20:59:16.213 /DesktopModules/editBar/common/API/localization/gettable -> skipped (physical directory 'DesktopModules')
20:59:16.238 /API/personabar/serversummary/GetUpdateInfo -> BEGIN routing (4 segment(s): API/personabar/serversummary/GetUpdateInfo)
20:59:16.241 /API/personabar/serversummary/GetUpdateInfo seg[0] 'API' is not a valid community slug, not a route — letting DNN handle it
20:59:16.741 /API/personaBar/ServerSummary/GetServerInfo -> BEGIN routing (4 segment(s): API/personaBar/ServerSummary/GetServerInfo)
20:59:16.749 /API/personaBar/ServerSummary/GetServerInfo seg[0] 'API' is not a valid community slug, not a route — letting DNN handle it
20:59:17.966 /DesktopModules/editBar/common/API/Common/CheckAuthorized -> BEGIN routing (6 segment(s): DesktopModules/editBar/common/API/Common/CheckAuthorized)
20:59:17.967 /DesktopModules/editBar/common/API/Common/CheckAuthorized -> skipped (physical directory 'DesktopModules')
20:59:17.993 /DesktopModules/internalservices/API/controlBar/ToggleUserMode -> BEGIN routing (5 segment(s): DesktopModules/internalservices/API/controlBar/ToggleUserMode)
20:59:17.993 /DesktopModules/internalservices/API/controlBar/ToggleUserMode -> skipped (physical directory 'DesktopModules')
20:59:18.032 /administrator/communities -> BEGIN routing (2 segment(s): administrator/communities)
20:59:18.032 /administrator/communities -> all segments match real DNN pages, skipping
20:59:18.206 /API/personaBar/localization/gettable -> BEGIN routing (4 segment(s): API/personaBar/localization/gettable)
20:59:18.208 /API/personaBar/localization/gettable seg[0] 'API' is not a valid community slug, not a route — letting DNN handle it
20:59:18.227 /API/personabar/serversummary/GetUpdateInfo -> BEGIN routing (4 segment(s): API/personabar/serversummary/GetUpdateInfo)
20:59:18.230 /API/personabar/serversummary/GetUpdateInfo seg[0] 'API' is not a valid community slug, not a route — letting DNN handle it
20:59:18.731 /API/personaBar/ServerSummary/GetServerInfo -> BEGIN routing (4 segment(s): API/personaBar/ServerSummary/GetServerInfo)
20:59:18.737 /API/personaBar/ServerSummary/GetServerInfo seg[0] 'API' is not a valid community slug, not a route — letting DNN handle it
20:59:27.309 /bond/home -> BEGIN routing (2 segment(s): bond/home)
20:59:27.311 /bond/home seg[0] 'bond' -> dynamic '[community]'
20:59:27.311 /bond/home seg[1] 'home' -> literal page
20:59:27.312 /bond/home -> REWRITE /Default.aspx?TabId=40 (/[community]/home) values=[community=bond]
20:59:27.760 /API/personaBar/localization/gettable -> BEGIN routing (4 segment(s): API/personaBar/localization/gettable)
20:59:27.763 /API/personaBar/localization/gettable seg[0] 'API' is not a valid community slug, not a route — letting DNN handle it
20:59:27.783 /API/personabar/serversummary/GetUpdateInfo -> BEGIN routing (4 segment(s): API/personabar/serversummary/GetUpdateInfo)
20:59:27.786 /API/personabar/serversummary/GetUpdateInfo seg[0] 'API' is not a valid community slug, not a route — letting DNN handle it
20:59:28.235 /bond/timeline -> BEGIN routing (2 segment(s): bond/timeline)
20:59:28.237 /bond/timeline seg[0] 'bond' -> dynamic '[community]'
20:59:28.238 /bond/timeline seg[1] 'timeline' -> literal page
20:59:28.240 /bond/timeline -> REWRITE /Default.aspx?TabId=41 (/[community]/timeline) values=[community=bond]
20:59:28.272 /API/personaBar/ServerSummary/GetServerInfo -> BEGIN routing (4 segment(s): API/personaBar/ServerSummary/GetServerInfo)
20:59:28.274 /API/personaBar/ServerSummary/GetServerInfo seg[0] 'API' is not a valid community slug, not a route — letting DNN handle it
20:59:28.604 /API/personaBar/localization/gettable -> BEGIN routing (4 segment(s): API/personaBar/localization/gettable)
20:59:28.607 /API/personaBar/localization/gettable seg[0] 'API' is not a valid community slug, not a route — letting DNN handle it
20:59:28.632 /API/personabar/serversummary/GetUpdateInfo -> BEGIN routing (4 segment(s): API/personabar/serversummary/GetUpdateInfo)
20:59:28.635 /API/personabar/serversummary/GetUpdateInfo seg[0] 'API' is not a valid community slug, not a route — letting DNN handle it
20:59:29.119 /API/personaBar/ServerSummary/GetServerInfo -> BEGIN routing (4 segment(s): API/personaBar/ServerSummary/GetServerInfo)
20:59:29.121 /API/personaBar/ServerSummary/GetServerInfo seg[0] 'API' is not a valid community slug, not a route — letting DNN handle it
20:59:30.358 /dashboard -> BEGIN routing (1 segment(s): dashboard)
20:59:30.359 /dashboard -> all segments match real DNN pages, skipping
20:59:30.635 /API/personaBar/localization/gettable -> BEGIN routing (4 segment(s): API/personaBar/localization/gettable)
20:59:30.637 /API/personaBar/localization/gettable seg[0] 'API' is not a valid community slug, not a route — letting DNN handle it
20:59:30.658 /API/personabar/serversummary/GetUpdateInfo -> BEGIN routing (4 segment(s): API/personabar/serversummary/GetUpdateInfo)
20:59:30.661 /API/personabar/serversummary/GetUpdateInfo seg[0] 'API' is not a valid community slug, not a route — letting DNN handle it
20:59:31.144 /API/personaBar/ServerSummary/GetServerInfo -> BEGIN routing (4 segment(s): API/personaBar/ServerSummary/GetServerInfo)
20:59:31.147 /API/personaBar/ServerSummary/GetServerInfo seg[0] 'API' is not a valid community slug, not a route — letting DNN handle it
20:59:32.090 /test/home -> BEGIN routing (2 segment(s): test/home)
20:59:32.091 /test/home seg[0] 'test' -> dynamic '[community]'
20:59:32.092 /test/home seg[1] 'home' -> literal page
20:59:32.093 /test/home -> REWRITE /Default.aspx?TabId=40 (/[community]/home) values=[community=test]
20:59:32.385 /API/personaBar/localization/gettable -> BEGIN routing (4 segment(s): API/personaBar/localization/gettable)
20:59:32.390 /API/personaBar/localization/gettable seg[0] 'API' is not a valid community slug, not a route — letting DNN handle it
20:59:32.412 /API/personabar/serversummary/GetUpdateInfo -> BEGIN routing (4 segment(s): API/personabar/serversummary/GetUpdateInfo)
20:59:32.414 /API/personabar/serversummary/GetUpdateInfo seg[0] 'API' is not a valid community slug, not a route — letting DNN handle it
20:59:32.901 /API/personaBar/ServerSummary/GetServerInfo -> BEGIN routing (4 segment(s): API/personaBar/ServerSummary/GetServerInfo)
20:59:32.903 /API/personaBar/ServerSummary/GetServerInfo seg[0] 'API' is not a valid community slug, not a route — letting DNN handle it
20:59:34.602 /administrator/communities -> BEGIN routing (2 segment(s): administrator/communities)
20:59:34.602 /administrator/communities -> all segments match real DNN pages, skipping
20:59:34.885 /API/personaBar/localization/gettable -> BEGIN routing (4 segment(s): API/personaBar/localization/gettable)
20:59:34.887 /API/personaBar/localization/gettable seg[0] 'API' is not a valid community slug, not a route — letting DNN handle it
20:59:34.907 /API/personabar/serversummary/GetUpdateInfo -> BEGIN routing (4 segment(s): API/personabar/serversummary/GetUpdateInfo)
20:59:34.910 /API/personabar/serversummary/GetUpdateInfo seg[0] 'API' is not a valid community slug, not a route — letting DNN handle it
20:59:35.412 /API/personaBar/ServerSummary/GetServerInfo -> BEGIN routing (4 segment(s): API/personaBar/ServerSummary/GetServerInfo)
20:59:35.416 /API/personaBar/ServerSummary/GetServerInfo seg[0] 'API' is not a valid community slug, not a route — letting DNN handle it
21:00:05.782 /API/internalservices/controlBar/ToggleUserMode -> BEGIN routing (4 segment(s): API/internalservices/controlBar/ToggleUserMode)
21:00:05.792 /API/internalservices/controlBar/ToggleUserMode seg[0] 'API' is not a valid community slug, not a route — letting DNN handle it
21:00:05.810 /API/personaBar/UserSettings/UpdateUserSettings -> BEGIN routing (4 segment(s): API/personaBar/UserSettings/UpdateUserSettings)
21:00:05.812 /API/personaBar/UserSettings/UpdateUserSettings seg[0] 'API' is not a valid community slug, not a route — letting DNN handle it
21:00:05.846 /administrator/communities -> BEGIN routing (2 segment(s): administrator/communities)
21:00:05.846 /administrator/communities -> all segments match real DNN pages, skipping
21:00:06.190 /API/personaBar/localization/gettable -> BEGIN routing (4 segment(s): API/personaBar/localization/gettable)
21:00:06.193 /API/personaBar/localization/gettable seg[0] 'API' is not a valid community slug, not a route — letting DNN handle it
21:00:06.194 /DesktopModules/editBar/common/API/localization/gettable -> BEGIN routing (6 segment(s): DesktopModules/editBar/common/API/localization/gettable)
21:00:06.195 /DesktopModules/editBar/common/API/localization/gettable -> skipped (physical directory 'DesktopModules')
21:00:06.215 /API/personabar/serversummary/GetUpdateInfo -> BEGIN routing (4 segment(s): API/personabar/serversummary/GetUpdateInfo)
21:00:06.218 /API/personabar/serversummary/GetUpdateInfo seg[0] 'API' is not a valid community slug, not a route — letting DNN handle it
21:00:06.699 /API/personaBar/ServerSummary/GetServerInfo -> BEGIN routing (4 segment(s): API/personaBar/ServerSummary/GetServerInfo)
21:00:06.703 /API/personaBar/ServerSummary/GetServerInfo seg[0] 'API' is not a valid community slug, not a route — letting DNN handle it
21:00:07.075 /DesktopModules/editBar/common/API/Common/CheckAuthorized -> BEGIN routing (6 segment(s): DesktopModules/editBar/common/API/Common/CheckAuthorized)
21:00:07.076 /DesktopModules/editBar/common/API/Common/CheckAuthorized -> skipped (physical directory 'DesktopModules')
21:00:07.303 /API/editBar/common/ContentEditor/GetRecommendedModules -> BEGIN routing (5 segment(s): API/editBar/common/ContentEditor/GetRecommendedModules)
21:00:07.313 /API/editBar/common/ContentEditor/GetRecommendedModules seg[0] 'API' is not a valid community slug, not a route — letting DNN handle it
21:00:07.371 /API/internalservices/controlbar/GetPortalDesktopModules -> BEGIN routing (4 segment(s): API/internalservices/controlbar/GetPortalDesktopModules)
21:00:07.373 /API/internalservices/controlbar/GetPortalDesktopModules seg[0] 'API' is not a valid community slug, not a route — letting DNN handle it
21:00:07.415 /API/editBar/common/ContentEditor/LoadModuleScript -> BEGIN routing (5 segment(s): API/editBar/common/ContentEditor/LoadModuleScript)
21:00:07.417 /API/editBar/common/ContentEditor/LoadModuleScript -> BEGIN routing (5 segment(s): API/editBar/common/ContentEditor/LoadModuleScript)
21:00:07.418 /API/editBar/common/ContentEditor/LoadModuleScript seg[0] 'API' is not a valid community slug, not a route — letting DNN handle it
21:00:07.420 /API/editBar/common/ContentEditor/LoadModuleScript seg[0] 'API' is not a valid community slug, not a route — letting DNN handle it
21:00:07.430 /API/editBar/common/ContentEditor/LoadModuleScript -> BEGIN routing (5 segment(s): API/editBar/common/ContentEditor/LoadModuleScript)
21:00:07.432 /API/editBar/common/ContentEditor/LoadModuleScript seg[0] 'API' is not a valid community slug, not a route — letting DNN handle it
21:00:07.434 /API/editBar/common/ContentEditor/LoadModuleScript -> BEGIN routing (5 segment(s): API/editBar/common/ContentEditor/LoadModuleScript)
21:00:07.436 /API/editBar/common/ContentEditor/LoadModuleScript seg[0] 'API' is not a valid community slug, not a route — letting DNN handle it
21:00:07.454 /API/editBar/common/ContentEditor/LoadModuleScript -> BEGIN routing (5 segment(s): API/editBar/common/ContentEditor/LoadModuleScript)
21:00:07.457 /API/editBar/common/ContentEditor/LoadModuleScript seg[0] 'API' is not a valid community slug, not a route — letting DNN handle it
21:00:07.457 /API/editBar/common/ContentEditor/LoadModuleScript seg[0] 'API' is not a valid community slug, not a route — letting DNN handle it
21:00:07.462 /API/editBar/common/ContentEditor/LoadModuleScript -> BEGIN routing (5 segment(s): API/editBar/common/ContentEditor/LoadModuleScript)
21:00:07.464 /API/editBar/common/ContentEditor/LoadModuleScript seg[0] 'API' is not a valid community slug, not a route — letting DNN handle it
21:00:07.467 /API/editBar/common/ContentEditor/LoadModuleScript -> BEGIN routing (5 segment(s): API/editBar/common/ContentEditor/LoadModuleScript)
21:00:07.468 /API/editBar/common/ContentEditor/LoadModuleScript seg[0] 'API' is not a valid community slug, not a route — letting DNN handle it
21:00:17.320 /administrator/communities/ctl/Edit/mid/4416 -> BEGIN routing (6 segment(s): administrator/communities/ctl/Edit/mid/4416)
21:00:17.321 /administrator/communities/ctl/Edit/mid/4416 -> skipped (ctl URL)
21:00:17.562 /API/personaBar/localization/gettable -> BEGIN routing (4 segment(s): API/personaBar/localization/gettable)
21:00:17.563 /API/personaBar/localization/gettable seg[0] 'API' is not a valid community slug, not a route — letting DNN handle it
21:00:17.580 /API/personabar/serversummary/GetUpdateInfo -> BEGIN routing (4 segment(s): API/personabar/serversummary/GetUpdateInfo)
21:00:17.586 /API/personabar/serversummary/GetUpdateInfo seg[0] 'API' is not a valid community slug, not a route — letting DNN handle it
21:00:18.076 /API/personaBar/ServerSummary/GetServerInfo -> BEGIN routing (4 segment(s): API/personaBar/ServerSummary/GetServerInfo)
21:00:18.080 /API/personaBar/ServerSummary/GetServerInfo seg[0] 'API' is not a valid community slug, not a route — letting DNN handle it
21:02:37.139 /administrator/communities/ctl/Edit/mid/4416 -> BEGIN routing (6 segment(s): administrator/communities/ctl/Edit/mid/4416)
21:02:37.140 /administrator/communities/ctl/Edit/mid/4416 -> skipped (ctl URL)
21:02:37.266 /administrator/communities -> BEGIN routing (2 segment(s): administrator/communities)
21:02:37.266 /administrator/communities -> all segments match real DNN pages, skipping
21:02:37.613 /DesktopModules/editBar/common/API/localization/gettable -> BEGIN routing (6 segment(s): DesktopModules/editBar/common/API/localization/gettable)
21:02:37.613 /DesktopModules/editBar/common/API/localization/gettable -> skipped (physical directory 'DesktopModules')
21:02:37.617 /API/personaBar/localization/gettable -> BEGIN routing (4 segment(s): API/personaBar/localization/gettable)
21:02:37.618 /API/personaBar/localization/gettable seg[0] 'API' is not a valid community slug, not a route — letting DNN handle it
21:02:37.639 /API/personabar/serversummary/GetUpdateInfo -> BEGIN routing (4 segment(s): API/personabar/serversummary/GetUpdateInfo)
21:02:37.642 /API/personabar/serversummary/GetUpdateInfo seg[0] 'API' is not a valid community slug, not a route — letting DNN handle it
21:02:38.142 /API/personaBar/ServerSummary/GetServerInfo -> BEGIN routing (4 segment(s): API/personaBar/ServerSummary/GetServerInfo)
21:02:38.145 /API/personaBar/ServerSummary/GetServerInfo seg[0] 'API' is not a valid community slug, not a route — letting DNN handle it
21:06:46.861 /Admin/File-Management -> BEGIN routing (2 segment(s): Admin/File-Management)
21:06:46.862 /Admin/File-Management -> skipped (physical directory 'Admin')
21:06:46.911 /Admin/File-Management -> BEGIN routing (2 segment(s): Admin/File-Management)
21:06:46.911 /Admin/File-Management -> skipped (physical directory 'Admin')
21:06:47.083 /API/ResourceManager/Localization/GetResources -> BEGIN routing (4 segment(s): API/ResourceManager/Localization/GetResources)
21:06:47.085 /API/ResourceManager/Localization/GetResources seg[0] 'API' is not a valid community slug, not a route — letting DNN handle it
21:06:47.106 /API/ResourceManager/Items/GetSettings -> BEGIN routing (4 segment(s): API/ResourceManager/Items/GetSettings)
21:06:47.109 /API/ResourceManager/Items/GetSettings seg[0] 'API' is not a valid community slug, not a route — letting DNN handle it
21:06:47.145 /API/ResourceManager/Items/CanManageFolderTypes -> BEGIN routing (4 segment(s): API/ResourceManager/Items/CanManageFolderTypes)
21:06:47.149 /API/ResourceManager/Items/CanManageFolderTypes seg[0] 'API' is not a valid community slug, not a route — letting DNN handle it
21:06:47.165 /API/ResourceManager/Items/GetFolderMappings -> BEGIN routing (4 segment(s): API/ResourceManager/Items/GetFolderMappings)
21:06:47.168 /API/ResourceManager/Items/GetFolderMappings seg[0] 'API' is not a valid community slug, not a route — letting DNN handle it
21:06:47.213 /API/personaBar/localization/gettable -> BEGIN routing (4 segment(s): API/personaBar/localization/gettable)
21:06:47.215 /API/personaBar/localization/gettable seg[0] 'API' is not a valid community slug, not a route — letting DNN handle it
21:06:47.221 /API/ResourceManager/Items/GetAddFolderTypeUrl -> BEGIN routing (4 segment(s): API/ResourceManager/Items/GetAddFolderTypeUrl)
21:06:47.222 /API/ResourceManager/Items/GetAddFolderTypeUrl seg[0] 'API' is not a valid community slug, not a route — letting DNN handle it
21:06:47.222 /API/ResourceManager/Items/GetFolderContent -> BEGIN routing (4 segment(s): API/ResourceManager/Items/GetFolderContent)
21:06:47.224 /API/ResourceManager/Items/GetFolderContent seg[0] 'API' is not a valid community slug, not a route — letting DNN handle it
21:06:47.243 /API/personabar/serversummary/GetUpdateInfo -> BEGIN routing (4 segment(s): API/personabar/serversummary/GetUpdateInfo)
21:06:47.245 /API/personabar/serversummary/GetUpdateInfo seg[0] 'API' is not a valid community slug, not a route — letting DNN handle it
21:06:47.391 /API/ResourceManager/Items/GetFolderItem -> BEGIN routing (4 segment(s): API/ResourceManager/Items/GetFolderItem)
21:06:47.393 /API/ResourceManager/Items/GetFolderItem seg[0] 'API' is not a valid community slug, not a route — letting DNN handle it
21:06:47.415 /API/ResourceManager/Items/GetFolderItem -> BEGIN routing (4 segment(s): API/ResourceManager/Items/GetFolderItem)
21:06:47.418 /API/ResourceManager/Items/GetFolderItem seg[0] 'API' is not a valid community slug, not a route — letting DNN handle it
21:06:47.425 /API/ResourceManager/Items/GetFolderItem -> BEGIN routing (4 segment(s): API/ResourceManager/Items/GetFolderItem)
21:06:47.426 /API/ResourceManager/Items/GetFolderItem seg[0] 'API' is not a valid community slug, not a route — letting DNN handle it
21:06:47.426 /API/ResourceManager/Items/GetFolderItem seg[0] 'API' is not a valid community slug, not a route — letting DNN handle it
21:06:47.429 /API/ResourceManager/Items/GetFolderIconUrl -> BEGIN routing (4 segment(s): API/ResourceManager/Items/GetFolderIconUrl)
21:06:47.431 /API/ResourceManager/Items/GetFolderIconUrl seg[0] 'API' is not a valid community slug, not a route — letting DNN handle it
21:06:47.432 /API/ResourceManager/Items/GetFolderIconUrl -> BEGIN routing (4 segment(s): API/ResourceManager/Items/GetFolderIconUrl)
21:06:47.433 /API/ResourceManager/Items/GetFolderIconUrl seg[0] 'API' is not a valid community slug, not a route — letting DNN handle it
21:06:47.436 /API/ResourceManager/Items/GetFolderIconUrl -> BEGIN routing (4 segment(s): API/ResourceManager/Items/GetFolderIconUrl)
21:06:47.438 /API/ResourceManager/Items/GetFolderIconUrl seg[0] 'API' is not a valid community slug, not a route — letting DNN handle it
21:06:47.438 /API/ResourceManager/Items/GetFolderIconUrl -> BEGIN routing (4 segment(s): API/ResourceManager/Items/GetFolderIconUrl)
21:06:47.439 /API/ResourceManager/Items/GetFolderIconUrl seg[0] 'API' is not a valid community slug, not a route — letting DNN handle it
21:06:47.444 /API/ResourceManager/Items/GetFolderItem -> BEGIN routing (4 segment(s): API/ResourceManager/Items/GetFolderItem)
21:06:47.445 /API/ResourceManager/Items/GetFolderItem seg[0] 'API' is not a valid community slug, not a route — letting DNN handle it
21:06:47.450 /API/ResourceManager/Items/GetFolderItem -> BEGIN routing (4 segment(s): API/ResourceManager/Items/GetFolderItem)
21:06:47.451 /API/ResourceManager/Items/GetFolderItem seg[0] 'API' is not a valid community slug, not a route — letting DNN handle it
21:06:47.452 /API/ResourceManager/Items/GetFolderItem -> BEGIN routing (4 segment(s): API/ResourceManager/Items/GetFolderItem)
21:06:47.454 /API/ResourceManager/Items/GetFolderItem seg[0] 'API' is not a valid community slug, not a route — letting DNN handle it
21:06:47.458 /API/ResourceManager/Items/GetFolderIconUrl -> BEGIN routing (4 segment(s): API/ResourceManager/Items/GetFolderIconUrl)
21:06:47.459 /API/ResourceManager/Items/GetFolderIconUrl seg[0] 'API' is not a valid community slug, not a route — letting DNN handle it
21:06:47.460 /API/ResourceManager/Items/GetFolderIconUrl -> BEGIN routing (4 segment(s): API/ResourceManager/Items/GetFolderIconUrl)
21:06:47.461 /API/ResourceManager/Items/GetFolderIconUrl seg[0] 'API' is not a valid community slug, not a route — letting DNN handle it
21:06:47.463 /API/ResourceManager/Items/GetFolderIconUrl -> BEGIN routing (4 segment(s): API/ResourceManager/Items/GetFolderIconUrl)
21:06:47.464 /API/ResourceManager/Items/GetFolderIconUrl seg[0] 'API' is not a valid community slug, not a route — letting DNN handle it
21:06:47.465 /API/ResourceManager/Items/GetFolderIconUrl -> BEGIN routing (4 segment(s): API/ResourceManager/Items/GetFolderIconUrl)
21:06:47.467 /API/ResourceManager/Items/GetFolderIconUrl seg[0] 'API' is not a valid community slug, not a route — letting DNN handle it
21:06:47.468 /API/ResourceManager/Items/GetFolderIconUrl -> BEGIN routing (4 segment(s): API/ResourceManager/Items/GetFolderIconUrl)
21:06:47.470 /API/ResourceManager/Items/GetFolderIconUrl seg[0] 'API' is not a valid community slug, not a route — letting DNN handle it
21:06:47.728 /API/personaBar/ServerSummary/GetServerInfo -> BEGIN routing (4 segment(s): API/personaBar/ServerSummary/GetServerInfo)
21:06:47.731 /API/personaBar/ServerSummary/GetServerInfo seg[0] 'API' is not a valid community slug, not a route — letting DNN handle it
